This is pdfTeX, Version 3.1415926-2.5-1.40.14 (TeX Live 2013/W32TeX) (format=pdfcslatex 2014.3.11)  21 MAR 2014 21:32
entering extended mode
 restricted \write18 enabled.
 %&-line parsing enabled.
**clanky.tex
(./clanky.tex
***** WARNING ******** CSLaTeX is obsolete, don't use it please *****
***** You can use ``normal'' LaTeX+Babel or XeLaTeX+polyglossia *****
LaTeX2e <2011/06/27>
Loading CZ hyphenation patterns: Pavel Sevecek, v3, 1995
Loading SK hyphenation patterns: Jana Chlebikova, 1992
(c:/texlive/2013/texmf-dist/tex/latex/base/article.cls
Document Class: article 2007/10/19 v1.4h Standard LaTeX document class
(c:/texlive/2013/texmf-dist/tex/latex/base/size10.clo
File: size10.clo 2007/10/19 v1.4h Standard LaTeX file (size option)
)
\c@part=\count79
\c@section=\count80
\c@subsection=\count81
\c@subsubsection=\count82
\c@paragraph=\count83
\c@subparagraph=\count84
\c@figure=\count85
\c@table=\count86
\abovecaptionskip=\skip41
\belowcaptionskip=\skip42
\bibindent=\dimen102
)
(c:/texlive/2013/texmf-dist/tex/cslatex/base/czech.sty
Package: czech 2002/07/19 v2.4 CSTeX czech style
) (./danube.sty
(c:/texlive/2013/texmf-dist/tex/latex/graphics/graphicx.sty
Package: graphicx 1999/02/16 v1.0f Enhanced LaTeX Graphics (DPC,SPQR)

(c:/texlive/2013/texmf-dist/tex/latex/graphics/keyval.sty
Package: keyval 1999/03/16 v1.13 key=value parser (DPC)
\KV@toks@=\toks16
)
(c:/texlive/2013/texmf-dist/tex/latex/graphics/graphics.sty
Package: graphics 2009/02/05 v1.0o Standard LaTeX Graphics (DPC,SPQR)

(c:/texlive/2013/texmf-dist/tex/latex/graphics/trig.sty
Package: trig 1999/03/16 v1.09 sin cos tan (DPC)
)
(c:/texlive/2013/texmf-dist/tex/latex/latexconfig/graphics.cfg
File: graphics.cfg 2010/04/23 v1.9 graphics configuration of TeX Live
)
Package graphics Info: Driver file: pdftex.def on input line 91.

(c:/texlive/2013/texmf-dist/tex/latex/pdftex-def/pdftex.def
File: pdftex.def 2011/05/27 v0.06d Graphics/color for pdfTeX

(c:/texlive/2013/texmf-dist/tex/generic/oberdiek/infwarerr.sty
Package: infwarerr 2010/04/08 v1.3 Providing info/warning/error messages (HO)
)
(c:/texlive/2013/texmf-dist/tex/generic/oberdiek/ltxcmds.sty
Package: ltxcmds 2011/11/09 v1.22 LaTeX kernel commands for general use (HO)
)
\Gread@gobject=\count87
))
\Gin@req@height=\dimen103
\Gin@req@width=\dimen104
)
(c:/texlive/2013/texmf-dist/tex/latex/geometry/geometry.sty
Package: geometry 2010/09/12 v5.6 Page Geometry

(c:/texlive/2013/texmf-dist/tex/generic/oberdiek/ifpdf.sty
Package: ifpdf 2011/01/30 v2.3 Provides the ifpdf switch (HO)
Package ifpdf Info: pdfTeX in PDF mode is detected.
)
(c:/texlive/2013/texmf-dist/tex/generic/oberdiek/ifvtex.sty
Package: ifvtex 2010/03/01 v1.5 Detect VTeX and its facilities (HO)
Package ifvtex Info: VTeX not detected.
)
(c:/texlive/2013/texmf-dist/tex/generic/ifxetex/ifxetex.sty
Package: ifxetex 2010/09/12 v0.6 Provides ifxetex conditional
)
\Gm@cnth=\count88
\Gm@cntv=\count89
\c@Gm@tempcnt=\count90
\Gm@bindingoffset=\dimen105
\Gm@wd@mp=\dimen106
\Gm@odd@mp=\dimen107
\Gm@even@mp=\dimen108
\Gm@layoutwidth=\dimen109
\Gm@layoutheight=\dimen110
\Gm@layouthoffset=\dimen111
\Gm@layoutvoffset=\dimen112
\Gm@dimlist=\toks17
) (./danube.inc
\cola=\dimen113
\colb=\dimen114
\colc=\dimen115
\cold=\dimen116
\defaultlinewidth=\dimen117
))
(c:/texlive/2013/texmf-dist/tex/latex/psnfss/times.sty
Package: times 2005/04/12 PSNFSS-v9.2a (SPQR) 
)
(c:/texlive/2013/texmf-dist/tex/latex/tools/longtable.sty
Package: longtable 2004/02/01 v4.11 Multi-page Table package (DPC)
\LTleft=\skip43
\LTright=\skip44
\LTpre=\skip45
\LTpost=\skip46
\LTchunksize=\count91
\LTcapwidth=\dimen118
\LT@head=\box26
\LT@firsthead=\box27
\LT@foot=\box28
\LT@lastfoot=\box29
\LT@cols=\count92
\LT@rows=\count93
\c@LT@tables=\count94
\c@LT@chunks=\count95
\LT@p@ftn=\toks18
)
(c:/texlive/2013/texmf-dist/tex/latex/eurosym/eurosym.sty
Package: eurosym 1998/08/06 v1.1 European currency symbol ``Euro''
\@eurobox=\box30
)
(c:/texlive/2013/texmf-dist/tex/latex/graphics/color.sty
Package: color 2005/11/14 v1.0j Standard LaTeX Color (DPC)

(c:/texlive/2013/texmf-dist/tex/latex/latexconfig/color.cfg
File: color.cfg 2007/01/18 v1.5 color configuration of teTeX/TeXLive
)
Package color Info: Driver file: pdftex.def on input line 130.
)
(c:/texlive/2013/texmf-dist/tex/latex/oberdiek/pdflscape.sty
Package: pdflscape 2008/08/11 v0.10 Display of landscape pages in PDF (HO)

(c:/texlive/2013/texmf-dist/tex/latex/graphics/lscape.sty
Package: lscape 2000/10/22 v3.01 Landscape Pages (DPC)
)
Package pdflscape Info: Auto-detected driver: pdftex on input line 80.
)
(c:/texlive/2013/texmf-dist/tex/latex/multirow/multirow.sty
\bigstrutjot=\dimen119
)
(c:/texlive/2013/texmf-dist/tex/latex/tools/bm.sty
Package: bm 2004/02/26 v1.1c Bold Symbol Support (DPC/FMi)
\symboldoperators=\mathgroup4
\symboldletters=\mathgroup5
\symboldsymbols=\mathgroup6
LaTeX Font Info:    Redeclaring math alphabet \mathbf on input line 138.
LaTeX Info: Redefining \bm on input line 204.
) (./clanky.aux)
\openout1 = `clanky.aux'.

LaTeX Font Info:    Checking defaults for OML/cmm/m/it on input line 11.
LaTeX Font Info:    ... okay on input line 11.
LaTeX Font Info:    Checking defaults for T1/cmr/m/n on input line 11.
LaTeX Font Info:    ... okay on input line 11.
LaTeX Font Info:    Checking defaults for OT1/cmr/m/n on input line 11.
LaTeX Font Info:    ... okay on input line 11.
LaTeX Font Info:    Checking defaults for IL2/cmr/m/n on input line 11.
LaTeX Font Info:    ... okay on input line 11.
LaTeX Font Info:    Checking defaults for OMS/cmsy/m/n on input line 11.
LaTeX Font Info:    ... okay on input line 11.
LaTeX Font Info:    Checking defaults for OMX/cmex/m/n on input line 11.
LaTeX Font Info:    ... okay on input line 11.
LaTeX Font Info:    Checking defaults for U/cmr/m/n on input line 11.
LaTeX Font Info:    ... okay on input line 11.
LaTeX Font Info:    Try loading font information for IL2+ptm on input line 11.

(c:/texlive/2013/texmf-dist/tex/cslatex/cspsfonts/il2ptm.fd
File: il2ptm.fd 1998/01/31 CS Times
LaTeX Font Info:     CS Times on input line 2.
LaTeX Font Info:    (C) Z. Wagner,1998/01/31 on input line 3.
LaTeX Font Info:    Created by CsPsFont utility v.1.0e (C) Z. Wagner, 1998/01/3
1 on input line 4.
)
(c:/texlive/2013/texmf-dist/tex/context/base/supp-pdf.mkii
[Loading MPS to PDF converter (version 2006.09.02).]
\scratchcounter=\count96
\scratchdimen=\dimen120
\scratchbox=\box31
\nofMPsegments=\count97
\nofMParguments=\count98
\everyMPshowfont=\toks19
\MPscratchCnt=\count99
\MPscratchDim=\dimen121
\MPnumerator=\count100
\makeMPintoPDFobject=\count101
\everyMPtoPDFconversion=\toks20
) (c:/texlive/2013/texmf-dist/tex/generic/oberdiek/pdftexcmds.sty
Package: pdftexcmds 2011/11/29 v0.20 Utility functions of pdfTeX for LuaTeX (HO
)

(c:/texlive/2013/texmf-dist/tex/generic/oberdiek/ifluatex.sty
Package: ifluatex 2010/03/01 v1.3 Provides the ifluatex switch (HO)
Package ifluatex Info: LuaTeX not detected.
)
Package pdftexcmds Info: LuaTeX not detected.
Package pdftexcmds Info: \pdf@primitive is available.
Package pdftexcmds Info: \pdf@ifprimitive is available.
Package pdftexcmds Info: \pdfdraftmode found.
)
(c:/texlive/2013/texmf-dist/tex/latex/oberdiek/epstopdf-base.sty
Package: epstopdf-base 2010/02/09 v2.5 Base part for package epstopdf

(c:/texlive/2013/texmf-dist/tex/latex/oberdiek/grfext.sty
Package: grfext 2010/08/19 v1.1 Manage graphics extensions (HO)

(c:/texlive/2013/texmf-dist/tex/generic/oberdiek/kvdefinekeys.sty
Package: kvdefinekeys 2011/04/07 v1.3 Define keys (HO)
))
(c:/texlive/2013/texmf-dist/tex/latex/oberdiek/kvoptions.sty
Package: kvoptions 2011/06/30 v3.11 Key value format for package options (HO)

(c:/texlive/2013/texmf-dist/tex/generic/oberdiek/kvsetkeys.sty
Package: kvsetkeys 2012/04/25 v1.16 Key value parser (HO)

(c:/texlive/2013/texmf-dist/tex/generic/oberdiek/etexcmds.sty
Package: etexcmds 2011/02/16 v1.5 Avoid name clashes with e-TeX commands (HO)
Package etexcmds Info: Could not find \expanded.
(etexcmds)             That can mean that you are not using pdfTeX 1.50 or
(etexcmds)             that some package has redefined \expanded.
(etexcmds)             In the latter case, load this package earlier.
)))
Package grfext Info: Graphics extension search list:
(grfext)             [.png,.pdf,.jpg,.mps,.jpeg,.jbig2,.jb2,.PNG,.PDF,.JPG,.JPE
G,.JBIG2,.JB2,.eps]
(grfext)             \AppendGraphicsExtensions on input line 452.

(c:/texlive/2013/texmf-dist/tex/latex/latexconfig/epstopdf-sys.cfg
File: epstopdf-sys.cfg 2010/07/13 v1.3 Configuration of (r)epstopdf for TeX Liv
e
))
*geometry* detected driver: pdftex
*geometry* verbose mode - [ preamble ] result:
* driver: pdftex
* paper: custom
* layout: <same size as paper>
* layoutoffset:(h,v)=(0.0pt,0.0pt)
* modes: twoside 
* h-part:(L,W,R)=(55.31271pt, 322.65283pt, 82.96909pt)
* v-part:(T,H,B)=(78.18896pt, 456.09567pt, 117.28346pt)
* \paperwidth=460.93463pt
* \paperheight=651.5681pt
* \textwidth=355.65944pt
* \textheight=517.84015pt
* \oddsidemargin=56.9055pt
* \evensidemargin=56.9055pt
* \topmargin=34.1433pt
* \headheight=12.0pt
* \headsep=22.76219pt
* \topskip=10.0pt
* \footskip=30.0pt
* \marginparwidth=121.0pt
* \marginparsep=11.0pt
* \columnsep=10.0pt
* \skip\footins=9.0pt plus 4.0pt minus 2.0pt
* \hoffset=-72.2698pt
* \voffset=-72.2698pt
* \mag=1000
* \@twocolumnfalse
* \@twosidetrue
* \@mparswitchtrue
* \@reversemarginfalse
* (1in=72.27pt=25.4mm, 1cm=28.453pt)

(./bartha.tex <versita.jpg, id=1, 437.635pt x 164.615pt>
File: versita.jpg Graphic file (type jpg)
 <use versita.jpg>
Package pdftex.def Info: versita.jpg used on input line 4.
(pdftex.def)             Requested size: 437.63393pt x 164.6146pt.

<eaco.jpg, id=2, 864.22874pt x 351.56343pt>
File: eaco.jpg Graphic file (type jpg)
 <use eaco.jpg>
Package pdftex.def Info: eaco.jpg used on input line 4.
(pdftex.def)             Requested size: 864.22662pt x 351.56256pt.
LaTeX Font Info:    External font `cmex10' loaded for size
(Font)              <12> on input line 8.
LaTeX Font Info:    External font `cmex10' loaded for size
(Font)              <8> on input line 8.
LaTeX Font Info:    External font `cmex10' loaded for size
(Font)              <6> on input line 8.
LaTeX Font Info:    External font `cmex10' loaded for size
(Font)              <5> on input line 8.

Underfull \hbox (badness 10000) in paragraph at lines 11--13

 []

[245{c:/texlive/2013/texmf-var/fonts/map/pdftex/updmap/pdftex.map}

 <./versita.jpg> <./eaco.jpg>]
LaTeX Font Info:    External font `cmex10' loaded for size
(Font)              <7> on input line 26.
 [246] [247]
Underfull \vbox (badness 10000) has occurred while \output is active []

 [248]
[249]
LaTeX Font Info:    External font `cmex10' loaded for size
(Font)              <9> on input line 72.
 [250]
Underfull \vbox (badness 10000) has occurred while \output is active []

 [251]
<bartha-fig01.jpg, id=31, 796.9775pt x 899.36pt>
File: bartha-fig01.jpg Graphic file (type jpg)
 <use bartha-fig01.jpg>
Package pdftex.def Info: bartha-fig01.jpg used on input line 108.
(pdftex.def)             Requested size: 796.97554pt x 899.3578pt.

[252 <./bartha-fig01.jpg>]
LaTeX Font Info:    Try loading font information for OMS+ptm on input line 117.


(c:/texlive/2013/texmf-dist/tex/latex/psnfss/omsptm.fd
File: omsptm.fd 
)
LaTeX Font Info:    Font shape `OMS/ptm/m/n' in size <10> not available
(Font)              Font shape `OMS/cmsy/m/n' tried instead on input line 117.
 [253

]
Underfull \hbox (badness 10000) in paragraph at lines 136--137

 []

[254]
Underfull \hbox (badness 10000) in paragraph at lines 151--165

 []


Overfull \hbox (0.20966pt too wide) in paragraph at lines 175--195
[] 
 []

[255

] [256

]
Underfull \hbox (badness 10000) in paragraph at lines 215--224

 []


Overfull \hbox (0.18726pt too wide) in paragraph at lines 230--231
[]\IL2/ptm/m/n/10 Theoretically, all 8 clus-ters could re-pre-sent fe-asi-ble c
om-bi-nati-ons, but most of the 34OECD
 []

[257

]
Underfull \hbox (badness 10000) in paragraph at lines 238--247

 []


Underfull \hbox (badness 10000) in paragraph at lines 249--250

 []


Underfull \hbox (badness 10000) in paragraph at lines 251--252

 []

[258] [259] [260

]
Underfull \vbox (badness 10000) has occurred while \output is active []

 [261

]
Underfull \hbox (badness 10000) in paragraph at lines 311--312

 []


Underfull \hbox (badness 10000) in paragraph at lines 320--321

 []


Underfull \hbox (badness 10000) in paragraph at lines 322--324

 []

[262] [263

]) [264

] (./clanky.aux) ) 
Here is how much of TeX's memory you used:
 2573 strings out of 494921
 35492 string characters out of 6180480
 114442 words of memory out of 5000000
 5801 multiletter control sequences out of 15000+600000
 37983 words of font info for 68 fonts, out of 8000000 for 9000
 24 hyphenation exceptions out of 8191
 38i,8n,29p,1451b,255s stack positions out of 5000i,500n,10000p,200000b,80000s
{c:/texlive/2013/texmf-dist/fonts/enc/dvips/cs/xl2.enc}<c:/te
xlive/2013/texmf-dist/fonts/type1/public/amsfonts/cm/cmmi10.pfb><c:/texlive/201
3/texmf-dist/fonts/type1/public/amsfonts/cm/cmsy10.pfb><c:/texlive/2013/texmf-d
ist/fonts/type1/public/cs/csr10.pfb><c:/texlive/2013/texmf-dist/fonts/type1/pub
lic/cs/csti10.pfb><c:/texlive/2013/texmf-dist/fonts/type1/urw/times/utmb8a.pfb>
<c:/texlive/2013/texmf-dist/fonts/type1/urw/times/utmr8a.pfb><c:/texlive/2013/t
exmf-dist/fonts/type1/urw/times/utmri8a.pfb>
Output written on clanky.pdf (20 pages, 579479 bytes).
PDF statistics:
 101 PDF objects out of 1000 (max. 8388607)
 68 compressed objects within 1 object stream
 0 named destinations out of 1000 (max. 500000)
 16 words of extra memory for PDF output out of 10000 (max. 10000000)

